<?xml version="1.0" encoding="UTF-8"?>
<testng-results ignored="0" total="3" passed="3" failed="0" skipped="0">
  <reporter-output>
  </reporter-output>
  <suite started-at="2024-12-05T17:50:45 EST" name="Suite" finished-at="2024-12-05T17:50:49 EST" duration-ms="4645">
    <groups>
    </groups>
    <test started-at="2024-12-05T17:50:45 EST" name="Test" finished-at="2024-12-05T17:50:49 EST" duration-ms="4645">
      <class name="com.pro.tests.Test1">
        <test-method signature="test1()[pri:0, instance:com.pro.tests.Test1@f6efaab]" started-at="2024-12-05T17:50:45 EST" name="test1" finished-at="2024-12-05T17:50:49 EST" duration-ms="4591" status="PASS">
          <reporter-output>
          </reporter-output>
        </test-method> <!-- test1 -->
      </class> <!-- com.pro.tests.Test1 -->
      <class name="bnkproject.bnktesting">
        <test-method signature="test1()[pri:0, instance:bnkproject.bnktesting@6cf0e0ba]" started-at="2024-12-05T17:50:45 EST" name="test1" finished-at="2024-12-05T17:50:45 EST" duration-ms="16" status="PASS">
          <reporter-output>
          </reporter-output>
        </test-method> <!-- test1 -->
        <test-method signature="test2()[pri:0, instance:bnkproject.bnktesting@6cf0e0ba]" started-at="2024-12-05T17:50:45 EST" name="test2" finished-at="2024-12-05T17:50:45 EST" duration-ms="1" status="PASS">
          <reporter-output>
          </reporter-output>
        </test-method> <!-- test2 -->
      </class> <!-- bnkproject.bnktesting -->
    </test> <!-- Test -->
  </suite> <!-- Suite -->
</testng-results>
