<?xml version="1.0" encoding="UTF-8"?>
<testng-results ignored="0" total="2" passed="2" failed="0" skipped="0">
  <reporter-output>
  </reporter-output>
  <suite started-at="2024-12-02T15:17:38 EST" name="Suite" finished-at="2024-12-02T15:17:38 EST" duration-ms="59">
    <groups>
    </groups>
    <test started-at="2024-12-02T15:17:38 EST" name="Test" finished-at="2024-12-02T15:17:38 EST" duration-ms="59">
      <class name="bnkproject.bnktesting">
        <test-method signature="test1()[pri:0, instance:bnkproject.bnktesting@7ed7259e]" started-at="2024-12-02T15:17:38 EST" name="test1" finished-at="2024-12-02T15:17:38 EST" duration-ms="18" status="PASS">
          <reporter-output>
          </reporter-output>
        </test-method> <!-- test1 -->
        <test-method signature="test2()[pri:0, instance:bnkproject.bnktesting@7ed7259e]" started-at="2024-12-02T15:17:38 EST" name="test2" finished-at="2024-12-02T15:17:38 EST" duration-ms="1" status="PASS">
          <reporter-output>
          </reporter-output>
        </test-method> <!-- test2 -->
      </class> <!-- bnkproject.bnktesting -->
    </test> <!-- Test -->
  </suite> <!-- Suite -->
</testng-results>
